<?xml version="1.0" encoding="UTF-8"?>
<!-- Generated by org.testng.reporters.JUnitReportReporter -->
<testsuite hostname="TTNPL-BhawanaPandey" failures="0" tests="1" name="org.JenkinsMaven.DemoText" time="6.662" errors="0" timestamp="2023-04-11T16:50:42 IST" skipped="0">
  <testcase classname="org.JenkinsMaven.DemoText" name="demo1" time="6.662"/>
  <system-out/>
</testsuite> <!-- org.JenkinsMaven.DemoText -->
